0 info it worked if it ends with ok
1 verbose cli [ 'node', '/usr/local/bin/npm', 'install', '-g', 'bower-update' ]
2 info using npm@2.7.4
3 info using node@v0.12.2
4 silly cache add args [ 'bower-update', null ]
5 verbose cache add spec bower-update
6 silly cache add parsed spec { raw: 'bower-update',
6 silly cache add   scope: null,
6 silly cache add   name: 'bower-update',
6 silly cache add   rawSpec: '',
6 silly cache add   spec: '*',
6 silly cache add   type: 'range' }
7 verbose addNamed bower-update@*
8 silly addNamed semver.valid null
9 silly addNamed semver.validRange *
10 silly addNameRange { name: 'bower-update', range: '*', hasData: false }
11 silly mapToRegistry name bower-update
12 silly mapToRegistry using default registry
13 silly mapToRegistry registry https://registry.npmjs.org/
14 silly mapToRegistry uri https://registry.npmjs.org/bower-update
15 verbose addNameRange registry:https://registry.npmjs.org/bower-update not in flight; fetching
16 verbose request uri https://registry.npmjs.org/bower-update
17 verbose request no auth needed
18 info attempt registry request try #1 at 8:15:13 PM
19 verbose request id e6e97ad95d181d5f
20 http request GET https://registry.npmjs.org/bower-update
21 http 200 https://registry.npmjs.org/bower-update
22 silly get cb [ 200,
22 silly get   { server: 'CouchDB/1.5.0 (Erlang OTP/R16B03)',
22 silly get     etag: '"6WO1VDTLHBYV5HY02LJGC7YQQ"',
22 silly get     'content-type': 'application/json',
22 silly get     'cache-control': 'max-age=60',
22 silly get     'content-length': '9633',
22 silly get     'accept-ranges': 'bytes',
22 silly get     date: 'Wed, 01 Jul 2015 02:15:12 GMT',
22 silly get     via: '1.1 varnish',
22 silly get     age: '0',
22 silly get     connection: 'keep-alive',
22 silly get     'x-served-by': 'cache-dfw1835-DFW',
22 silly get     'x-cache': 'MISS',
22 silly get     'x-cache-hits': '0',
22 silly get     'x-timer': 'S1435716912.825878,VS0,VE69',
22 silly get     vary: 'Accept' } ]
23 verbose get saving bower-update to /Users/fumiko/.npm/registry.npmjs.org/bower-update/.cache.json
24 silly addNameRange number 2 { name: 'bower-update', range: '*', hasData: true }
25 silly addNameRange versions [ 'bower-update',
25 silly addNameRange   [ '0.0.1', '0.0.2', '0.0.3', '0.0.4', '0.1.0' ] ]
26 verbose addNamed bower-update@0.1.0
27 silly addNamed semver.valid 0.1.0
28 silly addNamed semver.validRange 0.1.0
29 silly mapToRegistry name bower-update
30 silly mapToRegistry using default registry
31 silly mapToRegistry registry https://registry.npmjs.org/
32 silly mapToRegistry uri https://registry.npmjs.org/bower-update
33 verbose addRemoteTarball https://registry.npmjs.org/bower-update/-/bower-update-0.1.0.tgz not in flight; adding
34 verbose addRemoteTarball [ 'https://registry.npmjs.org/bower-update/-/bower-update-0.1.0.tgz',
34 verbose addRemoteTarball   'eaf84a88765e61566e7d4458b5d8ca90abf5bdbc' ]
35 info retry fetch attempt 1 at 8:15:14 PM
36 info attempt registry request try #1 at 8:15:14 PM
37 http fetch GET https://registry.npmjs.org/bower-update/-/bower-update-0.1.0.tgz
38 http fetch 200 https://registry.npmjs.org/bower-update/-/bower-update-0.1.0.tgz
39 silly fetchAndShaCheck shasum eaf84a88765e61566e7d4458b5d8ca90abf5bdbc
40 verbose addTmpTarball /var/folders/sj/97zxjs8x1yxdcjpymt0_17xh0000gp/T/npm-78272-69440587/registry.npmjs.org/bower-update/-/bower-update-0.1.0.tgz not in flight; adding
41 verbose addTmpTarball already have metadata; skipping unpack for bower-update@0.1.0
42 silly cache afterAdd bower-update@0.1.0
43 verbose afterAdd /Users/fumiko/.npm/bower-update/0.1.0/package/package.json not in flight; writing
44 verbose afterAdd /Users/fumiko/.npm/bower-update/0.1.0/package/package.json written
45 silly install resolved [ { name: 'bower-update',
45 silly install resolved     description: 'Updates Bower components to the really latest versions.',
45 silly install resolved     version: '0.1.0',
45 silly install resolved     homepage: 'https://github.com/sapegin/bower-update',
45 silly install resolved     author: { name: 'Artem Sapegin', url: 'http://sapegin.me/' },
45 silly install resolved     repository:
45 silly install resolved      { type: 'git',
45 silly install resolved        url: 'git://github.com/sapegin/bower-update.git' },
45 silly install resolved     bugs: { url: 'https://github.com/sapegin/bower-update/issues' },
45 silly install resolved     licenses: [ [Object] ],
45 silly install resolved     main: 'index.js',
45 silly install resolved     bin: { 'bower-update': 'bin/bower-update' },
45 silly install resolved     preferGlobal: true,
45 silly install resolved     scripts:
45 silly install resolved      { jshint: 'jshint index.js',
45 silly install resolved        jscs: 'jscs index.js',
45 silly install resolved        prepare: 'cd test && rm -f bower.json && cp src/bower.json . && bower install',
45 silly install resolved        mocha: 'mocha --timeout 30000 --reporter spec --compilers coffee:coffee-script/register',
45 silly install resolved        test: 'npm run jshint && npm run jscs && npm run prepare && npm run mocha' },
45 silly install resolved     engines: { node: '>=0.10.0' },
45 silly install resolved     dependencies:
45 silly install resolved      { async: '~0.9.0',
45 silly install resolved        bower: '~1.4.0',
45 silly install resolved        chalk: '~1.0.0',
45 silly install resolved        lodash: '~3.6.0',
45 silly install resolved        nomnom: '~1.8.1',
45 silly install resolved        'readline-sync': '~0.8.0' },
45 silly install resolved     devDependencies:
45 silly install resolved      { mocha: '~2.2.1',
45 silly install resolved        'coffee-script': '~1.9.1',
45 silly install resolved        chai: '~2.2.0',
45 silly install resolved        jshint: '~2.6.3',
45 silly install resolved        jscs: '~1.12.0' },
45 silly install resolved     keywords: [ 'bower' ],
45 silly install resolved     gitHead: '0aa4ee3dcd1c15a71d97b43c095ab3b134490c9f',
45 silly install resolved     _id: 'bower-update@0.1.0',
45 silly install resolved     _shasum: 'eaf84a88765e61566e7d4458b5d8ca90abf5bdbc',
45 silly install resolved     _from: 'bower-update@*',
45 silly install resolved     _npmVersion: '2.7.3',
45 silly install resolved     _nodeVersion: '0.10.35',
45 silly install resolved     _npmUser: { name: 'sapegin', email: 'artem@sapegin.ru' },
45 silly install resolved     maintainers: [ [Object] ],
45 silly install resolved     dist:
45 silly install resolved      { shasum: 'eaf84a88765e61566e7d4458b5d8ca90abf5bdbc',
45 silly install resolved        tarball: 'http://registry.npmjs.org/bower-update/-/bower-update-0.1.0.tgz' },
45 silly install resolved     directories: {},
45 silly install resolved     _resolved: 'https://registry.npmjs.org/bower-update/-/bower-update-0.1.0.tgz' } ]
46 info install bower-update@0.1.0 into /usr/local/lib
47 info installOne bower-update@0.1.0
48 verbose installOne of bower-update to /usr/local/lib not in flight; installing
49 verbose lock using /Users/fumiko/.npm/_locks/bower-update-639d0748ece8d95d.lock for /usr/local/lib/node_modules/bower-update
50 silly install write writing bower-update 0.1.0 to /usr/local/lib/node_modules/bower-update
51 silly cache addNamed cb bower-update@0.1.0
52 verbose unbuild lib/node_modules/bower-update
53 silly gentlyRm /usr/local/lib/node_modules/bower-update is being purged from base /usr/local
54 verbose gentlyRm don't care about contents; nuking /usr/local/lib/node_modules/bower-update
55 verbose tar unpack /Users/fumiko/.npm/bower-update/0.1.0/package.tgz
56 verbose tar unpacking to /usr/local/lib/node_modules/bower-update
57 silly gentlyRm /usr/local/lib/node_modules/bower-update is being purged
58 verbose gentlyRm don't care about contents; nuking /usr/local/lib/node_modules/bower-update
59 silly gunzTarPerm modes [ '755', '644' ]
60 error tar.unpack untar error /Users/fumiko/.npm/bower-update/0.1.0/package.tgz
61 verbose unlock done using /Users/fumiko/.npm/_locks/bower-update-639d0748ece8d95d.lock for /usr/local/lib/node_modules/bower-update
62 verbose fstream_path /usr/local/lib/node_modules/bower-update
63 verbose fstream_type Directory
64 verbose fstream_class DirWriter
65 verbose stack Error: EACCES, mkdir '/usr/local/lib/node_modules/bower-update'
65 verbose stack     at Error (native)
66 verbose fstream_stack /usr/local/lib/node_modules/npm/node_modules/fstream/lib/dir-writer.js:36:23
66 verbose fstream_stack /usr/local/lib/node_modules/npm/node_modules/mkdirp/index.js:46:53
66 verbose fstream_stack FSReqWrap.oncomplete (fs.js:95:15)
67 verbose cwd /Users/fumiko/Dropbox/DevMountain/gro
68 error Darwin 14.3.0
69 error argv "node" "/usr/local/bin/npm" "install" "-g" "bower-update"
70 error node v0.12.2
71 error npm  v2.7.4
72 error path /usr/local/lib/node_modules/bower-update
73 error code EACCES
74 error errno -13
75 error Error: EACCES, mkdir '/usr/local/lib/node_modules/bower-update'
75 error     at Error (native)
75 error  { [Error: EACCES, mkdir '/usr/local/lib/node_modules/bower-update']
75 error   errno: -13,
75 error   code: 'EACCES',
75 error   path: '/usr/local/lib/node_modules/bower-update',
75 error   fstream_type: 'Directory',
75 error   fstream_path: '/usr/local/lib/node_modules/bower-update',
75 error   fstream_class: 'DirWriter',
75 error   fstream_stack:
75 error    [ '/usr/local/lib/node_modules/npm/node_modules/fstream/lib/dir-writer.js:36:23',
75 error      '/usr/local/lib/node_modules/npm/node_modules/mkdirp/index.js:46:53',
75 error      'FSReqWrap.oncomplete (fs.js:95:15)' ] }
76 error Please try running this command again as root/Administrator.
77 verbose exit [ -13, true ]
78 verbose unbuild lib/node_modules/bower-update
79 silly gentlyRm /usr/local/lib/node_modules/bower-update is being purged from base /usr/local
80 verbose gentlyRm don't care about contents; nuking /usr/local/lib/node_modules/bower-update
